<?xml version="1.0" encoding="UTF-8"?>
<!-- Generated by org.testng.reporters.JUnitXMLReporter -->
<testsuite hostname="Pranavs-MBP" ignored="0" name="Default test" tests="5" failures="0" timestamp="22 Sep 2019 09:23:04 GMT" time="203.433" errors="0">
  <testcase name="navigate_WWPage_US" time="24.905" classname="com.ww.testCases.TC_0001_Get_WWHomePage_US"/>
  <testcase name="getSearchStudiosPage" time="52.729" classname="com.ww.testCases.TC_0002_Get_Search_Location_Page"/>
  <testcase name="searchStudio" time="60.321" classname="com.ww.testCases.TC_0003_Search_Studio_Location"/>
  <testcase name="select_First_Studio_Location" time="42.975" classname="com.ww.testCases.TC_0004_Select_First_Studio_Location"/>
  <testcase name="getHoursOfOperations" time="14.179" classname="com.ww.testCases.TC_0005_Get_Studio_Hours_Of_Operations"/>
</testsuite> <!-- Default test -->
