<?xml version="1.0" encoding="UTF-8"?>
<!-- Generated by org.testng.reporters.JUnitXMLReporter -->
<testsuite hostname="Pranavs-MBP" ignored="0" name="Test" tests="5" failures="0" timestamp="22 Sep 2019 09:43:14 GMT" time="204.181" errors="0">
  <testcase name="navigate_WWPage_US" time="31.32" classname="com.ww.testCases.TC_0001_Get_WWHomePage_US"/>
  <testcase name="getSearchStudiosPage" time="18.694" classname="com.ww.testCases.TC_0002_Get_Search_Location_Page"/>
  <testcase name="searchStudio" time="74.183" classname="com.ww.testCases.TC_0003_Search_Studio_Location"/>
  <testcase name="select_First_Studio_Location" time="32.49" classname="com.ww.testCases.TC_0004_Select_First_Studio_Location"/>
  <testcase name="getHoursOfOperations" time="39.029" classname="com.ww.testCases.TC_0005_Get_Studio_Hours_Of_Operations"/>
</testsuite> <!-- Test -->
